@since: 2014/9/21

--2014/9/21
	#修改README.md 详细描述配置文件相关配置项
--2014/9/22 版本1.0.6
	#agent插件BUG修复 
--2014/9/22 版本1.0.7
	#middleware增加jade支持。[不设置依赖, 需要手工安装jade] 
--2014/9/26 版本1.0.8
	#重新整理conf.js代码, 通过简单的对象属性扩展支持多组服务器配置复用
	#根据conf.js的所有属性名 重置hosts文件, 用于方便支持本地不同域名访问获取不同服务。[重置hosts不可恢复，有必要的话，请手工备份]
--2014/9/28 版本1.0.9
	#修改hosts动态修改策略, 提供修改和恢复hosts文件工具。
	#附加bash命令处理 node node_modules/f2e-server explorer http://localhost:2850 [从浏览器打开URL]
--2014/9/29 版本1.1.0
	#修改文件展示套图为小图
	#修改中间件导致的mime-type异常
	#修改folder中有关图标样式规则,支持动态添加gif文件支持更多扩展后缀名文件显示
--2014/10/05 版本1.1.1
	#修复资源压缩造成的缓存失效问题
	#增加delay参数，使得所有GET请求可以进行请求延时模拟
	#修改前台使用的requirejs版本为官方版本[不支持.coffee后缀,故同时修改folder.coffee]
	#使用xhcms_2014库中的frame-upload插件进行文件上传
	#修改文件夹中关于特殊文件类型,查看图标的显示逻辑
--2014/10/05 版本1.1.6
	☆增加underscore依赖, 模板引擎平滑过渡到underscore.js内置的template, 增加相应的demo修改
	#upload插件修改get请求获取数据的判断, 避免并发引起判断错误
	#修改npm版本依赖, 按照目前调试使用的最高版本进行设置。
--2014/10/05 版本1.1.6.* [开发版本]
	#增加一个简单的javaGUI可编译源代码
	#增加服务器动态配置页面
